\BOOKMARK [-1][-]{part.1}{\376\377\000I\000\040\000C\000S\000S}{}% 1
\BOOKMARK [0][-]{chapter.1}{\376\377\000C\000S\000S\173\200\116\313}{part.1}% 2
\BOOKMARK [1][-]{section.1.1}{\376\377\176\331\000H\000T\000M\000L\142\123\142\156\040\024\040\024\000C\000S\000S\150\067\137\017}{chapter.1}% 3
\BOOKMARK [1][-]{section.1.2}{\376\377\145\342\161\066\220\243\116\110\131\175\377\014\220\243\134\061\137\025\121\145\000C\000S\000S\124\047\040\024\040\024\121\205\200\124\137\017\000C\000S\000S}{chapter.1}% 4
\BOOKMARK [1][-]{section.1.3}{\376\377\143\142\116\052\127\060\145\271\124\047\377\014\210\114\121\205\131\052\143\044\116\206\040\024\040\024\135\114\121\145\137\017\000C\000S\000S}{chapter.1}% 5
\BOOKMARK [1][-]{section.1.4}{\376\377\217\330\146\057\142\212\000H\000T\000M\000L\124\214\000C\000S\000S\122\006\137\000\124\047\040\024\040\024\131\026\220\350\137\017\000C\000S\000S}{chapter.1}% 6
\BOOKMARK [1][-]{section.1.5}{\376\377\140\073\147\011\116\052\121\110\147\145\124\016\122\060\124\047\040\024\040\024\116\011\171\315\224\376\143\245\145\271\137\017\166\204\117\030\121\110\176\247}{chapter.1}% 7
\BOOKMARK [0][-]{chapter.2}{\376\377\220\011\142\351\126\150}{part.1}% 8
\BOOKMARK [1][-]{section.2.1}{\376\377\220\011\116\000\116\052\150\007\173\176\040\024\040\024\150\007\173\176\220\011\142\351\126\150}{chapter.2}% 9
\BOOKMARK [1][-]{section.2.2}{\376\377\121\215\220\011\116\000\116\052\174\173\040\024\040\024\174\173\220\011\142\351\126\150}{chapter.2}% 10
\BOOKMARK [1][-]{section.2.3}{\376\377\123\326\116\052\125\057\116\000\210\150\171\072\040\024\040\024\000I\000D\220\011\142\351\126\150}{chapter.2}% 11
\BOOKMARK [1][-]{section.2.4}{\376\377\143\141\116\206\116\052\121\077\133\120\040\024\040\024\133\120\220\011\142\351\126\150}{chapter.2}% 12
\BOOKMARK [1][-]{section.2.5}{\376\377\217\331\116\110\137\353\134\061\137\123\162\067\162\067\116\206\040\024\040\024\124\016\116\343\220\011\142\351\126\150}{chapter.2}% 13
\BOOKMARK [1][-]{section.2.6}{\376\377\142\021\121\150\220\375\211\201\040\024\040\024\220\032\221\115\173\046\220\011\142\351\126\150}{chapter.2}% 14
\BOOKMARK [1][-]{section.2.7}{\376\377\176\331\220\011\142\351\126\150\122\006\116\052\176\304\040\024\040\024\122\006\176\304\220\011\142\351\126\150}{chapter.2}% 15
\BOOKMARK [1][-]{section.2.8}{\376\377\117\052\210\305\200\005\040\024\040\024\117\052\174\173\220\011\142\351\126\150}{chapter.2}% 16
\BOOKMARK [1][-]{section.2.9}{\376\377\116\072\142\100\153\062\116\072\040\024\040\024\220\011\142\351\126\150\147\000\232\330\134\102\176\247\000!\000i\000m\000p\000o\000r\000t\000a\000n\000t}{chapter.2}% 17
\BOOKMARK [0][-]{chapter.3}{\376\377\133\127\117\123\060\001\145\207\147\054\150\067\137\017}{part.1}% 18
\BOOKMARK [1][-]{section.3.1}{\376\377\133\127\117\123\150\067\137\017}{chapter.3}% 19
\BOOKMARK [1][-]{section.3.2}{\376\377\116\012\116\052\202\162\040\024\040\024\000c\000o\000l\000o\000r}{chapter.3}% 20
\BOOKMARK [1][-]{section.3.3}{\376\377\145\207\147\054\150\067\137\017}{chapter.3}% 21
\BOOKMARK [0][-]{chapter.4}{\376\377\166\322\133\120\152\041\127\213\116\016\136\003\134\100\152\041\127\213}{part.1}% 22
\BOOKMARK [1][-]{section.4.1}{\376\377\121\103\175\040\122\006\174\173}{chapter.4}% 23
\BOOKMARK [1][-]{section.4.2}{\376\377\166\322\133\120\152\041\127\213}{chapter.4}% 24
