INFO:  latexindent.exe version 3.9.1, 2021-03-21, a script to indent .tex files
       latexindent.exe lives here: D:/TeXLiver/texlive/2021/bin/win32/
       Fri Jan 14 15:25:38 2022
       Filename: c:\Users\Administrator\Desktop\HTML_CSS_JavaScript\parts\part1\chapter1.tex
INFO:  Processing switches:
INFO:  Directory for backup files and indent.log: c:\Users\Administrator\Desktop\HTML_CSS_JavaScript\parts\part1
INFO:  YAML settings read: defaultSettings.yaml
        Reading defaultSettings.yaml from D:/TeXLiver/texlive/2021/bin/win32/defaultSettings.yaml
       Reading defaultSettings.yaml (2nd attempt, TeXLive, Windows) from D:/TeXLiver/texlive/2021/bin/win32/../../texmf-dist/scripts/latexindent/defaultSettings.yaml
INFO:  YAML settings read: indentconfig.yaml or .indentconfig.yaml
       Home directory is C:\Users\Administrator (didn't find either indentconfig.yaml or .indentconfig.yaml)
       To specify user settings you would put indentconfig.yaml here: C:\Users\Administrator/indentconfig.yaml
       Alternatively, you can use the hidden file .indentconfig.yaml as: C:\Users\Administrator/.indentconfig.yaml
INFO:  Phase 1: searching for objects
INFO:  Phase 2: finding surrounding indentation
INFO:  Phase 3: indenting objects
INFO:  Phase 4: final indentation check
INFO:  Output routine:
       Not outputting to file; see -w and -o switches for more options.
       --------------
INFO:  Please direct all communication/issues to:
        https://github.com/cmhughes/latexindent.pl
